INFO 2025-08-31 15:45:36,926 autoreload 20788 11656 Watching for file changes with StatReloader
WARNING 2025-08-31 15:45:40,120 log 20788 5400 Not Found: /
WARNING 2025-08-31 15:45:40,122 basehttp 20788 5400 "GET / HTTP/1.1" 404 2315
WARNING 2025-08-31 15:45:40,218 log 20788 5400 Not Found: /favicon.ico
WARNING 2025-08-31 15:45:40,219 basehttp 20788 5400 "GET /favicon.ico HTTP/1.1" 404 2366
INFO 2025-08-31 16:47:15,991 autoreload 9152 22092 Watching for file changes with StatReloader
INFO 2025-08-31 16:48:18,863 autoreload 9152 22092 E:\Myproject\backend\api\views.py changed, reloading.
INFO 2025-08-31 16:48:19,747 autoreload 14368 10672 Watching for file changes with StatReloader
INFO 2025-08-31 16:48:30,286 autoreload 22372 8280 Watching for file changes with StatReloader
INFO 2025-08-31 16:59:33,826 autoreload 16856 22176 Watching for file changes with StatReloader
INFO 2025-08-31 17:00:30,459 autoreload 16856 22176 E:\Myproject\backend\users\views.py changed, reloading.
INFO 2025-08-31 17:00:31,000 autoreload 5272 20616 Watching for file changes with StatReloader
INFO 2025-08-31 17:00:42,259 autoreload 11036 5980 Watching for file changes with StatReloader
INFO 2025-08-31 17:00:57,696 autoreload 8456 20964 Watching for file changes with StatReloader
INFO 2025-08-31 17:02:13,784 autoreload 8456 20964 E:\Myproject\backend\detection\urls.py changed, reloading.
INFO 2025-08-31 17:02:13,785 autoreload 11036 5980 E:\Myproject\backend\detection\urls.py changed, reloading.
INFO 2025-08-31 17:02:14,479 autoreload 17872 19724 Watching for file changes with StatReloader
INFO 2025-08-31 17:02:14,479 autoreload 16284 7140 Watching for file changes with StatReloader
INFO 2025-08-31 17:03:36,894 autoreload 12256 19984 Watching for file changes with StatReloader
INFO 2025-08-31 17:04:33,514 autoreload 12256 19984 E:\Myproject\backend\detection\urls.py changed, reloading.
INFO 2025-08-31 17:04:34,193 autoreload 18684 15896 Watching for file changes with StatReloader
INFO 2025-08-31 17:04:49,221 autoreload 10792 19380 Watching for file changes with StatReloader
INFO 2025-08-31 17:04:50,505 autoreload 10792 19380 E:\Myproject\backend\detection\urls.py changed, reloading.
INFO 2025-08-31 17:04:50,834 autoreload 18684 15896 E:\Myproject\backend\detection\urls.py changed, reloading.
INFO 2025-08-31 17:04:51,134 autoreload 11956 19512 Watching for file changes with StatReloader
INFO 2025-08-31 17:04:51,489 autoreload 7420 11996 Watching for file changes with StatReloader
INFO 2025-08-31 17:05:02,854 autoreload 19424 22524 Watching for file changes with StatReloader
INFO 2025-08-31 17:13:01,709 autoreload 19424 22524 E:\Myproject\backend\monitoring\views.py changed, reloading.
INFO 2025-08-31 17:13:02,302 autoreload 22088 10464 Watching for file changes with StatReloader
INFO 2025-08-31 17:13:12,391 autoreload 20812 4896 Watching for file changes with StatReloader
INFO 2025-08-31 17:13:32,292 autoreload 22088 10464 E:\Myproject\backend\monitoring\urls.py changed, reloading.
INFO 2025-08-31 17:13:32,829 autoreload 20284 17008 Watching for file changes with StatReloader
INFO 2025-08-31 17:13:40,935 autoreload 22140 21420 Watching for file changes with StatReloader
INFO 2025-08-31 17:15:57,498 autoreload 13764 15508 Watching for file changes with StatReloader
INFO 2025-08-31 17:16:10,049 autoreload 9864 10672 Watching for file changes with StatReloader
INFO 2025-08-31 17:16:37,502 autoreload 2424 12772 Watching for file changes with StatReloader
INFO 2025-08-31 17:17:05,750 basehttp 2424 16548 "GET / HTTP/1.1" 200 5572
WARNING 2025-08-31 17:17:06,187 log 2424 16548 Not Found: /favicon.ico
WARNING 2025-08-31 17:17:06,188 basehttp 2424 16548 "GET /favicon.ico HTTP/1.1" 404 3274
WARNING 2025-08-31 17:17:34,051 log 2424 4904 Unauthorized: /monitoring/
WARNING 2025-08-31 17:17:34,051 basehttp 2424 4904 "GET /monitoring/ HTTP/1.1" 401 5077
INFO 2025-08-31 17:17:34,217 basehttp 2424 21428 "GET /static/rest_framework/css/default.css HTTP/1.1" 200 1152
INFO 2025-08-31 17:17:34,217 basehttp 2424 6740 "GET /static/rest_framework/css/bootstrap-tweaks.css HTTP/1.1" 200 3385
INFO 2025-08-31 17:17:34,218 basehttp 2424 19032 "GET /static/rest_framework/css/prettify.css HTTP/1.1" 200 817
INFO 2025-08-31 17:17:34,220 basehttp 2424 4904 "GET /static/rest_framework/css/bootstrap.min.css HTTP/1.1" 200 121457
INFO 2025-08-31 17:17:34,234 basehttp 2424 10796 "GET /static/rest_framework/js/ajax-form.js HTTP/1.1" 200 3597
INFO 2025-08-31 17:17:34,242 basehttp 2424 4904 "GET /static/rest_framework/js/default.js HTTP/1.1" 200 1268
INFO 2025-08-31 17:17:34,242 basehttp 2424 21428 "GET /static/rest_framework/js/csrf.js HTTP/1.1" 200 1719
INFO 2025-08-31 17:17:34,248 basehttp 2424 10796 "GET /static/rest_framework/img/grid.png HTTP/1.1" 200 1458
INFO 2025-08-31 17:17:34,253 basehttp 2424 19032 "GET /static/rest_framework/js/prettify-min.js HTTP/1.1" 200 13632
INFO 2025-08-31 17:17:34,263 basehttp 2424 6740 "GET /static/rest_framework/js/bootstrap.min.js HTTP/1.1" 200 39680
INFO 2025-08-31 17:17:34,275 basehttp 2424 3564 "GET /static/rest_framework/js/jquery-3.5.1.min.js HTTP/1.1" 200 89476
WARNING 2025-08-31 17:17:38,576 log 2424 9420 Unauthorized: /monitoring/
WARNING 2025-08-31 17:17:38,577 basehttp 2424 9420 "GET /monitoring/ HTTP/1.1" 401 5077
WARNING 2025-08-31 17:17:41,330 log 2424 9420 Unauthorized: /monitoring/
WARNING 2025-08-31 17:17:41,330 basehttp 2424 9420 "GET /monitoring/?format=json HTTP/1.1" 401 58
WARNING 2025-08-31 17:17:42,924 log 2424 9420 Unauthorized: /monitoring/
WARNING 2025-08-31 17:17:42,924 basehttp 2424 9420 "GET /monitoring/ HTTP/1.1" 401 5077
WARNING 2025-08-31 17:17:44,799 log 2424 9420 Unauthorized: /monitoring/
WARNING 2025-08-31 17:17:44,800 basehttp 2424 9420 "GET /monitoring/?format=api HTTP/1.1" 401 5110
WARNING 2025-08-31 17:17:45,498 log 2424 9420 Unauthorized: /monitoring/
WARNING 2025-08-31 17:17:45,498 basehttp 2424 9420 "GET /monitoring/?format=api HTTP/1.1" 401 5110
WARNING 2025-08-31 17:17:47,156 log 2424 9420 Unauthorized: /monitoring/
WARNING 2025-08-31 17:17:47,156 basehttp 2424 9420 "GET /monitoring/?format=api HTTP/1.1" 401 5110
INFO 2025-08-31 17:18:43,283 autoreload 16952 19540 Watching for file changes with StatReloader
INFO 2025-08-31 17:18:45,594 basehttp 16952 3988 "GET / HTTP/1.1" 200 5572
WARNING 2025-08-31 17:18:48,031 log 16952 3988 Unauthorized: /detection/
WARNING 2025-08-31 17:18:48,031 basehttp 16952 3988 "GET /detection/ HTTP/1.1" 401 5072
WARNING 2025-08-31 17:21:30,196 log 16952 3988 Unauthorized: /analytics/
WARNING 2025-08-31 17:21:30,196 basehttp 16952 3988 "GET /analytics/ HTTP/1.1" 401 5072
INFO 2025-08-31 17:29:32,427 autoreload 372 9692 Watching for file changes with StatReloader
INFO 2025-08-31 17:29:36,128 basehttp 372 4384 "GET / HTTP/1.1" 200 5572
WARNING 2025-08-31 17:29:42,504 log 372 4384 Not Found: /users/
WARNING 2025-08-31 17:29:42,505 basehttp 372 4384 "GET /users/ HTTP/1.1" 404 7460
WARNING 2025-08-31 17:29:45,490 log 372 4384 Unauthorized: /detection/
WARNING 2025-08-31 17:29:45,491 basehttp 372 4384 "GET /detection/ HTTP/1.1" 401 5072
